This is pdfTeX, Version 3.141592653-2.6-1.40.26 (MiKTeX 24.3.31) (preloaded format=pdflatex 2024.4.22)  6 MAY 2024 23:43
entering extended mode
 restricted \write18 enabled.
 %&-line parsing enabled.
**./hw12.tex
(hw12.tex
LaTeX2e <2023-11-01> patch level 1
L3 programming layer <2024-03-14>
(C:\Users\RyanPC\AppData\Local\Programs\MiKTeX\tex/latex/base\article.cls
Document Class: article 2023/05/17 v1.4n Standard LaTeX document class
(C:\Users\RyanPC\AppData\Local\Programs\MiKTeX\tex/latex/base\size10.clo
File: size10.clo 2023/05/17 v1.4n Standard LaTeX file (size option)
)
\c@part=\count188
\c@section=\count189
\c@subsection=\count190
\c@subsubsection=\count191
\c@paragraph=\count192
\c@subparagraph=\count193
\c@figure=\count194
\c@table=\count195
\abovecaptionskip=\skip48
\belowcaptionskip=\skip49
\bibindent=\dimen140
)
(C:\Users\RyanPC\AppData\Local\Programs\MiKTeX\tex/latex/amsfonts\amsfonts.sty
Package: amsfonts 2013/01/14 v3.01 Basic AMSFonts support
\@emptytoks=\toks17
\symAMSa=\mathgroup4
\symAMSb=\mathgroup5
LaTeX Font Info:    Redeclaring math symbol \hbar on input line 98.
LaTeX Font Info:    Overwriting math alphabet `\mathfrak' in version `bold'
(Font)                  U/euf/m/n --> U/euf/b/n on input line 106.
) (C:\Users\RyanPC\AppData\Local\Programs\MiKTeX\tex/latex/amscls\amsthm.sty
Package: amsthm 2020/05/29 v2.20.6
\thm@style=\toks18
\thm@bodyfont=\toks19
\thm@headfont=\toks20
\thm@notefont=\toks21
\thm@headpunct=\toks22
\thm@preskip=\skip50
\thm@postskip=\skip51
\thm@headsep=\skip52
\dth@everypar=\toks23
)
(C:\Users\RyanPC\AppData\Local\Programs\MiKTeX\tex/latex/amsmath\amsmath.sty
Package: amsmath 2023/05/13 v2.17o AMS math features
\@mathmargin=\skip53

For additional information on amsmath, use the `?' option.
(C:\Users\RyanPC\AppData\Local\Programs\MiKTeX\tex/latex/amsmath\amstext.sty
Package: amstext 2021/08/26 v2.01 AMS text

(C:\Users\RyanPC\AppData\Local\Programs\MiKTeX\tex/latex/amsmath\amsgen.sty
File: amsgen.sty 1999/11/30 v2.0 generic functions
\@emptytoks=\toks24
\ex@=\dimen141
))
(C:\Users\RyanPC\AppData\Local\Programs\MiKTeX\tex/latex/amsmath\amsbsy.sty
Package: amsbsy 1999/11/29 v1.2d Bold Symbols
\pmbraise@=\dimen142
)
(C:\Users\RyanPC\AppData\Local\Programs\MiKTeX\tex/latex/amsmath\amsopn.sty
Package: amsopn 2022/04/08 v2.04 operator names
)
\inf@bad=\count196
LaTeX Info: Redefining \frac on input line 234.
\uproot@=\count197
\leftroot@=\count198
LaTeX Info: Redefining \overline on input line 399.
LaTeX Info: Redefining \colon on input line 410.
\classnum@=\count199
\DOTSCASE@=\count266
LaTeX Info: Redefining \ldots on input line 496.
LaTeX Info: Redefining \dots on input line 499.
LaTeX Info: Redefining \cdots on input line 620.
\Mathstrutbox@=\box51
\strutbox@=\box52
LaTeX Info: Redefining \big on input line 722.
LaTeX Info: Redefining \Big on input line 723.
LaTeX Info: Redefining \bigg on input line 724.
LaTeX Info: Redefining \Bigg on input line 725.
\big@size=\dimen143
LaTeX Font Info:    Redeclaring font encoding OML on input line 743.
LaTeX Font Info:    Redeclaring font encoding OMS on input line 744.
\macc@depth=\count267
LaTeX Info: Redefining \bmod on input line 905.
LaTeX Info: Redefining \pmod on input line 910.
LaTeX Info: Redefining \smash on input line 940.
LaTeX Info: Redefining \relbar on input line 970.
LaTeX Info: Redefining \Relbar on input line 971.
\c@MaxMatrixCols=\count268
\dotsspace@=\muskip16
\c@parentequation=\count269
\dspbrk@lvl=\count270
\tag@help=\toks25
\row@=\count271
\column@=\count272
\maxfields@=\count273
\andhelp@=\toks26
\eqnshift@=\dimen144
\alignsep@=\dimen145
\tagshift@=\dimen146
\tagwidth@=\dimen147
\totwidth@=\dimen148
\lineht@=\dimen149
\@envbody=\toks27
\multlinegap=\skip54
\multlinetaggap=\skip55
\mathdisplay@stack=\toks28
LaTeX Info: Redefining \[ on input line 2953.
LaTeX Info: Redefining \] on input line 2954.
)
(C:\Users\RyanPC\AppData\Local\Programs\MiKTeX\tex/latex/amsfonts\amssymb.sty
Package: amssymb 2013/01/14 v3.01 AMS font symbols
)
(C:\Users\RyanPC\AppData\Local\Programs\MiKTeX\tex/latex/mathtools\mathtools.st
y
Package: mathtools 2024/03/11 v1.30 mathematical typesetting tools
 (C:\Users\RyanPC\AppData\Local\Programs\MiKTeX\tex/latex/graphics\keyval.sty
Package: keyval 2022/05/29 v1.15 key=value parser (DPC)
\KV@toks@=\toks29
) (C:\Users\RyanPC\AppData\Local\Programs\MiKTeX\tex/latex/tools\calc.sty
Package: calc 2023/07/08 v4.3 Infix arithmetic (KKT,FJ)
\calc@Acount=\count274
\calc@Bcount=\count275
\calc@Adimen=\dimen150
\calc@Bdimen=\dimen151
\calc@Askip=\skip56
\calc@Bskip=\skip57
LaTeX Info: Redefining \setlength on input line 80.
LaTeX Info: Redefining \addtolength on input line 81.
\calc@Ccount=\count276
\calc@Cskip=\skip58
)
(C:\Users\RyanPC\AppData\Local\Programs\MiKTeX\tex/latex/mathtools\mhsetup.sty
Package: mhsetup 2021/03/18 v1.4 programming setup (MH)
)
\g_MT_multlinerow_int=\count277
\l_MT_multwidth_dim=\dimen152
\origjot=\skip59
\l_MT_shortvdotswithinadjustabove_dim=\dimen153
\l_MT_shortvdotswithinadjustbelow_dim=\dimen154
\l_MT_above_intertext_sep=\dimen155
\l_MT_below_intertext_sep=\dimen156
\l_MT_above_shortintertext_sep=\dimen157
\l_MT_below_shortintertext_sep=\dimen158
\xmathstrut@box=\box53
\xmathstrut@dim=\dimen159
) (C:\Users\RyanPC\AppData\Local\Programs\MiKTeX\tex/latex/ulem\ulem.sty
\UL@box=\box54
\UL@hyphenbox=\box55
\UL@skip=\skip60
\UL@hook=\toks30
\UL@height=\dimen160
\UL@pe=\count278
\UL@pixel=\dimen161
\ULC@box=\box56
Package: ulem 2019/11/18
\ULdepth=\dimen162
)
(C:\Users\RyanPC\AppData\Local\Programs\MiKTeX\tex/latex/jknappen\mathrsfs.sty
Package: mathrsfs 1996/01/01 Math RSFS package v1.0 (jk)
\symrsfs=\mathgroup6
) (C:\Users\RyanPC\AppData\Local\Programs\MiKTeX\tex/latex/physics\physics.sty
Package: physics 

(C:\Users\RyanPC\AppData\Local\Programs\MiKTeX\tex/latex/l3packages/xparse\xpar
se.sty
(C:\Users\RyanPC\AppData\Local\Programs\MiKTeX\tex/latex/l3kernel\expl3.sty
Package: expl3 2024-03-14 L3 programming layer (loader) 

(C:\Users\RyanPC\AppData\Local\Programs\MiKTeX\tex/latex/l3backend\l3backend-pd
ftex.def
File: l3backend-pdftex.def 2024-03-14 L3 backend support: PDF output (pdfTeX)
\l__color_backend_stack_int=\count279
\l__pdf_internal_box=\box57
))
Package: xparse 2024-03-14 L3 Experimental document command parser
))
(C:\Users\RyanPC\AppData\Local\Programs\MiKTeX\tex/latex/esint\esint.sty
Package: esint 
\symlargesymbolsA=\mathgroup7
)
(C:\Users\RyanPC\AppData\Local\Programs\MiKTeX\tex/latex/siunitx\siunitx.sty
Package: siunitx 2024-04-15 v3.3.14 A comprehensive (SI) units package
\l__siunitx_number_uncert_offset_int=\count280
\l__siunitx_number_exponent_fixed_int=\count281
\l__siunitx_number_min_decimal_int=\count282
\l__siunitx_number_min_integer_int=\count283
\l__siunitx_number_round_precision_int=\count284
\l__siunitx_number_lower_threshold_int=\count285
\l__siunitx_number_upper_threshold_int=\count286
\l__siunitx_number_group_first_int=\count287
\l__siunitx_number_group_size_int=\count288
\l__siunitx_number_group_minimum_int=\count289
\l__siunitx_angle_tmp_dim=\dimen163
\l__siunitx_angle_marker_box=\box58
\l__siunitx_angle_unit_box=\box59
\l__siunitx_compound_count_int=\count290

(C:\Users\RyanPC\AppData\Local\Programs\MiKTeX\tex/latex/translations\translati
ons.sty
Package: translations 2022/02/05 v1.12 internationalization of LaTeX2e packages
 (CN)

(C:\Users\RyanPC\AppData\Local\Programs\MiKTeX\tex/latex/etoolbox\etoolbox.sty
Package: etoolbox 2020/10/05 v2.5k e-TeX tools for LaTeX (JAW)
\etb@tempcnta=\count291
)
(C:\Users\RyanPC\AppData\Local\Programs\MiKTeX\tex/generic/pdftexcmds\pdftexcmd
s.sty
Package: pdftexcmds 2020-06-27 v0.33 Utility functions of pdfTeX for LuaTeX (HO
)

(C:\Users\RyanPC\AppData\Local\Programs\MiKTeX\tex/generic/infwarerr\infwarerr.
sty
Package: infwarerr 2019/12/03 v1.5 Providing info/warning/error messages (HO)
) (C:\Users\RyanPC\AppData\Local\Programs\MiKTeX\tex/generic/iftex\iftex.sty
Package: iftex 2022/02/03 v1.0f TeX engine tests
)
(C:\Users\RyanPC\AppData\Local\Programs\MiKTeX\tex/generic/ltxcmds\ltxcmds.sty
Package: ltxcmds 2023-12-04 v1.26 LaTeX kernel commands for general use (HO)
)
Package pdftexcmds Info: \pdf@primitive is available.
Package pdftexcmds Info: \pdf@ifprimitive is available.
Package pdftexcmds Info: \pdfdraftmode found.
))
\l__siunitx_table_tmp_box=\box60
\l__siunitx_table_tmp_dim=\dimen164
\l__siunitx_table_column_width_dim=\dimen165
\l__siunitx_table_integer_box=\box61
\l__siunitx_table_decimal_box=\box62
\l__siunitx_table_uncert_box=\box63
\l__siunitx_table_before_box=\box64
\l__siunitx_table_after_box=\box65
\l__siunitx_table_before_dim=\dimen166
\l__siunitx_table_carry_dim=\dimen167
\l__siunitx_unit_tmp_int=\count292
\l__siunitx_unit_position_int=\count293
\l__siunitx_unit_total_int=\count294
 (C:\Users\RyanPC\AppData\Local\Programs\MiKTeX\tex/latex/tools\array.sty
Package: array 2023/10/16 v2.5g Tabular extension package (FMi)
\col@sep=\dimen168
\ar@mcellbox=\box66
\extrarowheight=\dimen169
\NC@list=\toks31
\extratabsurround=\skip61
\backup@length=\skip62
\ar@cellbox=\box67
))
(C:\Users\RyanPC\AppData\Local\Programs\MiKTeX\tex/latex/tikz-cd\tikz-cd.sty
Package: tikz-cd 2021/05/04 v1.0 Commutative diagrams with TikZ

(C:\Users\RyanPC\AppData\Local\Programs\MiKTeX\tex/latex/pgf/frontendlayer\tikz
.sty
(C:\Users\RyanPC\AppData\Local\Programs\MiKTeX\tex/latex/pgf/basiclayer\pgf.sty

(C:\Users\RyanPC\AppData\Local\Programs\MiKTeX\tex/latex/pgf/utilities\pgfrcs.s
ty
(C:\Users\RyanPC\AppData\Local\Programs\MiKTeX\tex/generic/pgf/utilities\pgfuti
l-common.tex
\pgfutil@everybye=\toks32
\pgfutil@tempdima=\dimen170
\pgfutil@tempdimb=\dimen171
)
(C:\Users\RyanPC\AppData\Local\Programs\MiKTeX\tex/generic/pgf/utilities\pgfuti
l-latex.def
\pgfutil@abb=\box68
)
(C:\Users\RyanPC\AppData\Local\Programs\MiKTeX\tex/generic/pgf/utilities\pgfrcs
.code.tex
(C:\Users\RyanPC\AppData\Local\Programs\MiKTeX\tex/generic/pgf\pgf.revision.tex
)
Package: pgfrcs 2023-01-15 v3.1.10 (3.1.10)
))
Package: pgf 2023-01-15 v3.1.10 (3.1.10)

(C:\Users\RyanPC\AppData\Local\Programs\MiKTeX\tex/latex/pgf/basiclayer\pgfcore
.sty
(C:\Users\RyanPC\AppData\Local\Programs\MiKTeX\tex/latex/graphics\graphicx.sty
Package: graphicx 2021/09/16 v1.2d Enhanced LaTeX Graphics (DPC,SPQR)

(C:\Users\RyanPC\AppData\Local\Programs\MiKTeX\tex/latex/graphics\graphics.sty
Package: graphics 2022/03/10 v1.4e Standard LaTeX Graphics (DPC,SPQR)

(C:\Users\RyanPC\AppData\Local\Programs\MiKTeX\tex/latex/graphics\trig.sty
Package: trig 2021/08/11 v1.11 sin cos tan (DPC)
)
(C:\Users\RyanPC\AppData\Local\Programs\MiKTeX\tex/latex/graphics-cfg\graphics.
cfg
File: graphics.cfg 2016/06/04 v1.11 sample graphics configuration
)
Package graphics Info: Driver file: pdftex.def on input line 107.

(C:\Users\RyanPC\AppData\Local\Programs\MiKTeX\tex/latex/graphics-def\pdftex.de
f
File: pdftex.def 2024/04/13 v1.2c Graphics/color driver for pdftex
))
\Gin@req@height=\dimen172
\Gin@req@width=\dimen173
)
(C:\Users\RyanPC\AppData\Local\Programs\MiKTeX\tex/latex/pgf/systemlayer\pgfsys
.sty
(C:\Users\RyanPC\AppData\Local\Programs\MiKTeX\tex/generic/pgf/systemlayer\pgfs
ys.code.tex
Package: pgfsys 2023-01-15 v3.1.10 (3.1.10)

(C:\Users\RyanPC\AppData\Local\Programs\MiKTeX\tex/generic/pgf/utilities\pgfkey
s.code.tex
\pgfkeys@pathtoks=\toks33
\pgfkeys@temptoks=\toks34

(C:\Users\RyanPC\AppData\Local\Programs\MiKTeX\tex/generic/pgf/utilities\pgfkey
slibraryfiltered.code.tex
\pgfkeys@tmptoks=\toks35
))
\pgf@x=\dimen174
\pgf@y=\dimen175
\pgf@xa=\dimen176
\pgf@ya=\dimen177
\pgf@xb=\dimen178
\pgf@yb=\dimen179
\pgf@xc=\dimen180
\pgf@yc=\dimen181
\pgf@xd=\dimen182
\pgf@yd=\dimen183
\w@pgf@writea=\write3
\r@pgf@reada=\read2
\c@pgf@counta=\count295
\c@pgf@countb=\count296
\c@pgf@countc=\count297
\c@pgf@countd=\count298
\t@pgf@toka=\toks36
\t@pgf@tokb=\toks37
\t@pgf@tokc=\toks38
\pgf@sys@id@count=\count299

(C:\Users\RyanPC\AppData\Local\Programs\MiKTeX\tex/generic/pgf/systemlayer\pgf.
cfg
File: pgf.cfg 2023-01-15 v3.1.10 (3.1.10)
)
Driver file for pgf: pgfsys-pdftex.def

(C:\Users\RyanPC\AppData\Local\Programs\MiKTeX\tex/generic/pgf/systemlayer\pgfs
ys-pdftex.def
File: pgfsys-pdftex.def 2023-01-15 v3.1.10 (3.1.10)

(C:\Users\RyanPC\AppData\Local\Programs\MiKTeX\tex/generic/pgf/systemlayer\pgfs
ys-common-pdf.def
File: pgfsys-common-pdf.def 2023-01-15 v3.1.10 (3.1.10)
)))
(C:\Users\RyanPC\AppData\Local\Programs\MiKTeX\tex/generic/pgf/systemlayer\pgfs
yssoftpath.code.tex
File: pgfsyssoftpath.code.tex 2023-01-15 v3.1.10 (3.1.10)
\pgfsyssoftpath@smallbuffer@items=\count300
\pgfsyssoftpath@bigbuffer@items=\count301
)
(C:\Users\RyanPC\AppData\Local\Programs\MiKTeX\tex/generic/pgf/systemlayer\pgfs
ysprotocol.code.tex
File: pgfsysprotocol.code.tex 2023-01-15 v3.1.10 (3.1.10)
))
(C:\Users\RyanPC\AppData\Local\Programs\MiKTeX\tex/latex/xcolor\xcolor.sty
Package: xcolor 2023/11/15 v3.01 LaTeX color extensions (UK)

(C:\Users\RyanPC\AppData\Local\Programs\MiKTeX\tex/latex/graphics-cfg\color.cfg
File: color.cfg 2016/01/02 v1.6 sample color configuration
)
Package xcolor Info: Driver file: pdftex.def on input line 274.

(C:\Users\RyanPC\AppData\Local\Programs\MiKTeX\tex/latex/graphics\mathcolor.ltx
)
Package xcolor Info: Model `cmy' substituted by `cmy0' on input line 1350.
Package xcolor Info: Model `hsb' substituted by `rgb' on input line 1354.
Package xcolor Info: Model `RGB' extended on input line 1366.
Package xcolor Info: Model `HTML' substituted by `rgb' on input line 1368.
Package xcolor Info: Model `Hsb' substituted by `hsb' on input line 1369.
Package xcolor Info: Model `tHsb' substituted by `hsb' on input line 1370.
Package xcolor Info: Model `HSB' substituted by `hsb' on input line 1371.
Package xcolor Info: Model `Gray' substituted by `gray' on input line 1372.
Package xcolor Info: Model `wave' substituted by `hsb' on input line 1373.
)
(C:\Users\RyanPC\AppData\Local\Programs\MiKTeX\tex/generic/pgf/basiclayer\pgfco
re.code.tex
Package: pgfcore 2023-01-15 v3.1.10 (3.1.10)

(C:\Users\RyanPC\AppData\Local\Programs\MiKTeX\tex/generic/pgf/math\pgfmath.cod
e.tex
(C:\Users\RyanPC\AppData\Local\Programs\MiKTeX\tex/generic/pgf/math\pgfmathutil
.code.tex)
(C:\Users\RyanPC\AppData\Local\Programs\MiKTeX\tex/generic/pgf/math\pgfmathpars
er.code.tex
\pgfmath@dimen=\dimen184
\pgfmath@count=\count302
\pgfmath@box=\box69
\pgfmath@toks=\toks39
\pgfmath@stack@operand=\toks40
\pgfmath@stack@operation=\toks41
)
(C:\Users\RyanPC\AppData\Local\Programs\MiKTeX\tex/generic/pgf/math\pgfmathfunc
tions.code.tex)
(C:\Users\RyanPC\AppData\Local\Programs\MiKTeX\tex/generic/pgf/math\pgfmathfunc
tions.basic.code.tex)
(C:\Users\RyanPC\AppData\Local\Programs\MiKTeX\tex/generic/pgf/math\pgfmathfunc
tions.trigonometric.code.tex)
(C:\Users\RyanPC\AppData\Local\Programs\MiKTeX\tex/generic/pgf/math\pgfmathfunc
tions.random.code.tex)
(C:\Users\RyanPC\AppData\Local\Programs\MiKTeX\tex/generic/pgf/math\pgfmathfunc
tions.comparison.code.tex)
(C:\Users\RyanPC\AppData\Local\Programs\MiKTeX\tex/generic/pgf/math\pgfmathfunc
tions.base.code.tex)
(C:\Users\RyanPC\AppData\Local\Programs\MiKTeX\tex/generic/pgf/math\pgfmathfunc
tions.round.code.tex)
(C:\Users\RyanPC\AppData\Local\Programs\MiKTeX\tex/generic/pgf/math\pgfmathfunc
tions.misc.code.tex)
(C:\Users\RyanPC\AppData\Local\Programs\MiKTeX\tex/generic/pgf/math\pgfmathfunc
tions.integerarithmetics.code.tex)
(C:\Users\RyanPC\AppData\Local\Programs\MiKTeX\tex/generic/pgf/math\pgfmathcalc
.code.tex)
(C:\Users\RyanPC\AppData\Local\Programs\MiKTeX\tex/generic/pgf/math\pgfmathfloa
t.code.tex
\c@pgfmathroundto@lastzeros=\count303
))
(C:\Users\RyanPC\AppData\Local\Programs\MiKTeX\tex/generic/pgf/math\pgfint.code
.tex)
(C:\Users\RyanPC\AppData\Local\Programs\MiKTeX\tex/generic/pgf/basiclayer\pgfco
repoints.code.tex
File: pgfcorepoints.code.tex 2023-01-15 v3.1.10 (3.1.10)
\pgf@picminx=\dimen185
\pgf@picmaxx=\dimen186
\pgf@picminy=\dimen187
\pgf@picmaxy=\dimen188
\pgf@pathminx=\dimen189
\pgf@pathmaxx=\dimen190
\pgf@pathminy=\dimen191
\pgf@pathmaxy=\dimen192
\pgf@xx=\dimen193
\pgf@xy=\dimen194
\pgf@yx=\dimen195
\pgf@yy=\dimen196
\pgf@zx=\dimen197
\pgf@zy=\dimen198
)
(C:\Users\RyanPC\AppData\Local\Programs\MiKTeX\tex/generic/pgf/basiclayer\pgfco
repathconstruct.code.tex
File: pgfcorepathconstruct.code.tex 2023-01-15 v3.1.10 (3.1.10)
\pgf@path@lastx=\dimen199
\pgf@path@lasty=\dimen256
)
(C:\Users\RyanPC\AppData\Local\Programs\MiKTeX\tex/generic/pgf/basiclayer\pgfco
repathusage.code.tex
File: pgfcorepathusage.code.tex 2023-01-15 v3.1.10 (3.1.10)
\pgf@shorten@end@additional=\dimen257
\pgf@shorten@start@additional=\dimen258
)
(C:\Users\RyanPC\AppData\Local\Programs\MiKTeX\tex/generic/pgf/basiclayer\pgfco
rescopes.code.tex
File: pgfcorescopes.code.tex 2023-01-15 v3.1.10 (3.1.10)
\pgfpic=\box70
\pgf@hbox=\box71
\pgf@layerbox@main=\box72
\pgf@picture@serial@count=\count304
)
(C:\Users\RyanPC\AppData\Local\Programs\MiKTeX\tex/generic/pgf/basiclayer\pgfco
regraphicstate.code.tex
File: pgfcoregraphicstate.code.tex 2023-01-15 v3.1.10 (3.1.10)
\pgflinewidth=\dimen259
)
(C:\Users\RyanPC\AppData\Local\Programs\MiKTeX\tex/generic/pgf/basiclayer\pgfco
retransformations.code.tex
File: pgfcoretransformations.code.tex 2023-01-15 v3.1.10 (3.1.10)
\pgf@pt@x=\dimen260
\pgf@pt@y=\dimen261
\pgf@pt@temp=\dimen262
)
(C:\Users\RyanPC\AppData\Local\Programs\MiKTeX\tex/generic/pgf/basiclayer\pgfco
requick.code.tex
File: pgfcorequick.code.tex 2023-01-15 v3.1.10 (3.1.10)
)
(C:\Users\RyanPC\AppData\Local\Programs\MiKTeX\tex/generic/pgf/basiclayer\pgfco
reobjects.code.tex
File: pgfcoreobjects.code.tex 2023-01-15 v3.1.10 (3.1.10)
)
(C:\Users\RyanPC\AppData\Local\Programs\MiKTeX\tex/generic/pgf/basiclayer\pgfco
repathprocessing.code.tex
File: pgfcorepathprocessing.code.tex 2023-01-15 v3.1.10 (3.1.10)
)
(C:\Users\RyanPC\AppData\Local\Programs\MiKTeX\tex/generic/pgf/basiclayer\pgfco
rearrows.code.tex
File: pgfcorearrows.code.tex 2023-01-15 v3.1.10 (3.1.10)
\pgfarrowsep=\dimen263
)
(C:\Users\RyanPC\AppData\Local\Programs\MiKTeX\tex/generic/pgf/basiclayer\pgfco
reshade.code.tex
File: pgfcoreshade.code.tex 2023-01-15 v3.1.10 (3.1.10)
\pgf@max=\dimen264
\pgf@sys@shading@range@num=\count305
\pgf@shadingcount=\count306
)
(C:\Users\RyanPC\AppData\Local\Programs\MiKTeX\tex/generic/pgf/basiclayer\pgfco
reimage.code.tex
File: pgfcoreimage.code.tex 2023-01-15 v3.1.10 (3.1.10)
)
(C:\Users\RyanPC\AppData\Local\Programs\MiKTeX\tex/generic/pgf/basiclayer\pgfco
reexternal.code.tex
File: pgfcoreexternal.code.tex 2023-01-15 v3.1.10 (3.1.10)
\pgfexternal@startupbox=\box73
)
(C:\Users\RyanPC\AppData\Local\Programs\MiKTeX\tex/generic/pgf/basiclayer\pgfco
relayers.code.tex
File: pgfcorelayers.code.tex 2023-01-15 v3.1.10 (3.1.10)
)
(C:\Users\RyanPC\AppData\Local\Programs\MiKTeX\tex/generic/pgf/basiclayer\pgfco
retransparency.code.tex
File: pgfcoretransparency.code.tex 2023-01-15 v3.1.10 (3.1.10)
)
(C:\Users\RyanPC\AppData\Local\Programs\MiKTeX\tex/generic/pgf/basiclayer\pgfco
repatterns.code.tex
File: pgfcorepatterns.code.tex 2023-01-15 v3.1.10 (3.1.10)
)
(C:\Users\RyanPC\AppData\Local\Programs\MiKTeX\tex/generic/pgf/basiclayer\pgfco
rerdf.code.tex
File: pgfcorerdf.code.tex 2023-01-15 v3.1.10 (3.1.10)
)))
(C:\Users\RyanPC\AppData\Local\Programs\MiKTeX\tex/generic/pgf/modules\pgfmodul
eshapes.code.tex
File: pgfmoduleshapes.code.tex 2023-01-15 v3.1.10 (3.1.10)
\pgfnodeparttextbox=\box74
)
(C:\Users\RyanPC\AppData\Local\Programs\MiKTeX\tex/generic/pgf/modules\pgfmodul
eplot.code.tex
File: pgfmoduleplot.code.tex 2023-01-15 v3.1.10 (3.1.10)
)
(C:\Users\RyanPC\AppData\Local\Programs\MiKTeX\tex/latex/pgf/compatibility\pgfc
omp-version-0-65.sty
Package: pgfcomp-version-0-65 2023-01-15 v3.1.10 (3.1.10)
\pgf@nodesepstart=\dimen265
\pgf@nodesepend=\dimen266
)
(C:\Users\RyanPC\AppData\Local\Programs\MiKTeX\tex/latex/pgf/compatibility\pgfc
omp-version-1-18.sty
Package: pgfcomp-version-1-18 2023-01-15 v3.1.10 (3.1.10)
))
(C:\Users\RyanPC\AppData\Local\Programs\MiKTeX\tex/latex/pgf/utilities\pgffor.s
ty
(C:\Users\RyanPC\AppData\Local\Programs\MiKTeX\tex/latex/pgf/utilities\pgfkeys.
sty
(C:\Users\RyanPC\AppData\Local\Programs\MiKTeX\tex/generic/pgf/utilities\pgfkey
s.code.tex))
(C:\Users\RyanPC\AppData\Local\Programs\MiKTeX\tex/latex/pgf/math\pgfmath.sty
(C:\Users\RyanPC\AppData\Local\Programs\MiKTeX\tex/generic/pgf/math\pgfmath.cod
e.tex))
(C:\Users\RyanPC\AppData\Local\Programs\MiKTeX\tex/generic/pgf/utilities\pgffor
.code.tex
Package: pgffor 2023-01-15 v3.1.10 (3.1.10)
\pgffor@iter=\dimen267
\pgffor@skip=\dimen268
\pgffor@stack=\toks42
\pgffor@toks=\toks43
))
(C:\Users\RyanPC\AppData\Local\Programs\MiKTeX\tex/generic/pgf/frontendlayer/ti
kz\tikz.code.tex
Package: tikz 2023-01-15 v3.1.10 (3.1.10)

(C:\Users\RyanPC\AppData\Local\Programs\MiKTeX\tex/generic/pgf/libraries\pgflib
raryplothandlers.code.tex
File: pgflibraryplothandlers.code.tex 2023-01-15 v3.1.10 (3.1.10)
\pgf@plot@mark@count=\count307
\pgfplotmarksize=\dimen269
)
\tikz@lastx=\dimen270
\tikz@lasty=\dimen271
\tikz@lastxsaved=\dimen272
\tikz@lastysaved=\dimen273
\tikz@lastmovetox=\dimen274
\tikz@lastmovetoy=\dimen275
\tikzleveldistance=\dimen276
\tikzsiblingdistance=\dimen277
\tikz@figbox=\box75
\tikz@figbox@bg=\box76
\tikz@tempbox=\box77
\tikz@tempbox@bg=\box78
\tikztreelevel=\count308
\tikznumberofchildren=\count309
\tikznumberofcurrentchild=\count310
\tikz@fig@count=\count311

(C:\Users\RyanPC\AppData\Local\Programs\MiKTeX\tex/generic/pgf/modules\pgfmodul
ematrix.code.tex
File: pgfmodulematrix.code.tex 2023-01-15 v3.1.10 (3.1.10)
\pgfmatrixcurrentrow=\count312
\pgfmatrixcurrentcolumn=\count313
\pgf@matrix@numberofcolumns=\count314
)
\tikz@expandcount=\count315

(C:\Users\RyanPC\AppData\Local\Programs\MiKTeX\tex/generic/pgf/frontendlayer/ti
kz/libraries\tikzlibrarytopaths.code.tex
File: tikzlibrarytopaths.code.tex 2023-01-15 v3.1.10 (3.1.10)
)))
(C:\Users\RyanPC\AppData\Local\Programs\MiKTeX\tex/latex/tikz-cd\tikzlibrarycd.
code.tex
(C:\Users\RyanPC\AppData\Local\Programs\MiKTeX\tex/generic/pgf/frontendlayer/ti
kz/libraries\tikzlibrarymatrix.code.tex
File: tikzlibrarymatrix.code.tex 2023-01-15 v3.1.10 (3.1.10)
)
(C:\Users\RyanPC\AppData\Local\Programs\MiKTeX\tex/generic/pgf/frontendlayer/ti
kz/libraries\tikzlibraryquotes.code.tex
File: tikzlibraryquotes.code.tex 2023-01-15 v3.1.10 (3.1.10)
)
(C:\Users\RyanPC\AppData\Local\Programs\MiKTeX\tex/generic/pgf/libraries\pgflib
raryarrows.meta.code.tex
File: pgflibraryarrows.meta.code.tex 2023-01-15 v3.1.10 (3.1.10)
\pgfarrowinset=\dimen278
\pgfarrowlength=\dimen279
\pgfarrowwidth=\dimen280
\pgfarrowlinewidth=\dimen281
)))
(C:\Users\RyanPC\AppData\Local\Programs\MiKTeX\tex/latex/pdfpages\pdfpages.sty
Package: pdfpages 2024/01/21 v0.5y Insert pages of external PDF documents (AM)

(C:\Users\RyanPC\AppData\Local\Programs\MiKTeX\tex/latex/base\ifthen.sty
Package: ifthen 2022/04/13 v1.1d Standard LaTeX ifthen package (DPC)
)
(C:\Users\RyanPC\AppData\Local\Programs\MiKTeX\tex/latex/eso-pic\eso-pic.sty
Package: eso-pic 2023/05/03 v3.0c eso-pic (RN)
\ESO@tempdima=\dimen282
\ESO@tempdimb=\dimen283
)
\AM@pagewidth=\dimen284
\AM@pageheight=\dimen285
\AM@fboxrule=\dimen286

(C:\Users\RyanPC\AppData\Local\Programs\MiKTeX\tex/latex/pdfpages\pppdftex.def
File: pppdftex.def 2024/01/21 v0.5y Pdfpages driver for pdfTeX (AM)
)
\pdfpages@includegraphics@status=\count316
\AM@pagebox=\box79
\AM@global@opts=\toks44
\AM@pagecnt=\count317
\AM@toc@title=\toks45
\AM@lof@heading=\toks46
\c@AM@survey=\count318
\AM@templatesizebox=\box80
)
(C:\Users\RyanPC\AppData\Local\Programs\MiKTeX\tex/latex/preprint\fullpage.sty
Package: fullpage 1999/02/23 1.1 (PWD)
\FP@margin=\skip63
)
(C:\Users\RyanPC\AppData\Local\Programs\MiKTeX\tex/latex/microtype\microtype.st
y
Package: microtype 2024/03/29 v3.1b Micro-typographical refinements (RS)
\MT@toks=\toks47
\MT@tempbox=\box81
\MT@count=\count319
LaTeX Info: Redefining \noprotrusionifhmode on input line 1061.
LaTeX Info: Redefining \leftprotrusion on input line 1062.
\MT@prot@toks=\toks48
LaTeX Info: Redefining \rightprotrusion on input line 1081.
LaTeX Info: Redefining \textls on input line 1392.
\MT@outer@kern=\dimen287
LaTeX Info: Redefining \textmicrotypecontext on input line 2013.
\MT@listname@count=\count320

(C:\Users\RyanPC\AppData\Local\Programs\MiKTeX\tex/latex/microtype\microtype-pd
ftex.def
File: microtype-pdftex.def 2024/03/29 v3.1b Definitions specific to pdftex (RS)

LaTeX Info: Redefining \lsstyle on input line 902.
LaTeX Info: Redefining \lslig on input line 902.
\MT@outer@space=\skip64
)
Package microtype Info: Loading configuration file microtype.cfg.

(C:\Users\RyanPC\AppData\Local\Programs\MiKTeX\tex/latex/microtype\microtype.cf
g
File: microtype.cfg 2024/03/29 v3.1b microtype main configuration file (RS)
)) (C:\Users\RyanPC\AppData\Local\Programs\MiKTeX\tex/latex/cancel\cancel.sty
Package: cancel 2013/04/12 v2.2 Cancel math terms
) (C:\Users\RyanPC\AppData\Local\Programs\MiKTeX\tex/latex/base\textcomp.sty
Package: textcomp 2020/02/02 v2.0n Standard LaTeX package
)
(C:\Users\RyanPC\AppData\Local\Programs\MiKTeX\tex/latex/markdown\markdown.sty
(C:\Users\RyanPC\AppData\Local\Programs\MiKTeX\tex/generic/markdown\markdown.te
x
(C:\Users\RyanPC\AppData\Local\Programs\MiKTeX\tex/generic/lt3luabridge\lt3luab
ridge.tex
\g_luabridge_method_int=\count321

Package luabridge Info: Using shell escape as the bridging method

)
\markdownInputFileStream=\read3
\markdownOutputFileStream=\write4
)
\markdownOptionFrozenCacheCounter=\count322
Package: markdown 2024-04-04 v3.4.3-0-ge2c6be1a markdown renderer
)

Package markdown Info: Loading LaTeX Markdown theme witiko/markdown/defaults


(C:\Users\RyanPC\AppData\Local\Programs\MiKTeX\tex/latex/markdown\markdowntheme
witiko_markdown_defaults.sty
Package: markdownthemewitiko_markdown_defaults 2024/01/03

Package markdown Info: Loading plain TeX Markdown theme
(markdown)             witiko/markdown/defaults


(C:\Users\RyanPC\AppData\Local\Programs\MiKTeX\tex/generic/markdown\markdownthe
mewitiko_markdown_defaults.tex)
(C:\Users\RyanPC\AppData\Local\Programs\MiKTeX\tex/latex/paralist\paralist.sty
Package: paralist 2017/01/22 v2.7 Extended list environments
\pltopsep=\skip65
\plpartopsep=\skip66
\plitemsep=\skip67
\plparsep=\skip68
\pl@lab=\toks49
)
(C:\Users\RyanPC\AppData\Local\Programs\MiKTeX\tex/latex/csvsimple\csvsimple.st
y
Package: csvsimple 2024/01/19 v2.6.0 LaTeX CSV file processing
)
(C:\Users\RyanPC\AppData\Local\Programs\MiKTeX\tex/latex/csvsimple\csvsimple-le
gacy.sty
Package: csvsimple-legacy 2024/01/19 version 2.6.0 LaTeX2e CSV file processing

(C:\Users\RyanPC\AppData\Local\Programs\MiKTeX\tex/latex/tools\shellesc.sty
Package: shellesc 2023/07/08 v1.0d unified shell escape interface for LaTeX
Package shellesc Info: Restricted shell escape enabled on input line 77.
)
\csv@file=\read4
\c@csvinputline=\count323
\c@csvrow=\count324
\c@csvcol=\count325
\csv@out=\write5
)
(C:\Users\RyanPC\AppData\Local\Programs\MiKTeX\tex/latex/fancyvrb\fancyvrb.sty
Package: fancyvrb 2024/01/20 4.5c verbatim text (tvz,hv)
\FV@CodeLineNo=\count326
\FV@InFile=\read5
\FV@TabBox=\box82
\c@FancyVerbLine=\count327
\FV@StepNumber=\count328
\FV@OutFile=\write6
)
\markdownLaTeXCitationsCounter=\count329
(C:\Users\RyanPC\AppData\Local\Programs\MiKTeX\tex/latex/gobble\gobble.sty
Package: gobble 2019/01/04 v0.2 Provides more gobble macros

(C:\Users\RyanPC\AppData\Local\Programs\MiKTeX\tex/generic/gobble\gobble.tex))
(C:\Users\RyanPC\AppData\Local\Programs\MiKTeX\tex/latex/url\url.sty
\Urlmuskip=\muskip17
Package: url 2013/09/16  ver 3.4  Verb mode for urls, etc.
)
\markdownLaTeXRowCounter=\count330
\markdownLaTeXRowTotal=\count331
\markdownLaTeXColumnCounter=\count332
\markdownLaTeXColumnTotal=\count333
\markdownLaTeXTable=\toks50
\markdownLaTeXTableAlignment=\toks51
\markdownLaTeXTableEnd=\toks52
)
(C:\Users\RyanPC\AppData\Local\Programs\MiKTeX\tex/latex/hyperref\hyperref.sty
Package: hyperref 2024-01-20 v7.01h Hypertext links for LaTeX

(C:\Users\RyanPC\AppData\Local\Programs\MiKTeX\tex/latex/kvsetkeys\kvsetkeys.st
y
Package: kvsetkeys 2022-10-05 v1.19 Key value parser (HO)
)
(C:\Users\RyanPC\AppData\Local\Programs\MiKTeX\tex/generic/kvdefinekeys\kvdefin
ekeys.sty
Package: kvdefinekeys 2019-12-19 v1.6 Define keys (HO)
)
(C:\Users\RyanPC\AppData\Local\Programs\MiKTeX\tex/generic/pdfescape\pdfescape.
sty
Package: pdfescape 2019/12/09 v1.15 Implements pdfTeX's escape features (HO)
)
(C:\Users\RyanPC\AppData\Local\Programs\MiKTeX\tex/latex/hycolor\hycolor.sty
Package: hycolor 2020-01-27 v1.10 Color options for hyperref/bookmark (HO)
)
(C:\Users\RyanPC\AppData\Local\Programs\MiKTeX\tex/latex/auxhook\auxhook.sty
Package: auxhook 2019-12-17 v1.6 Hooks for auxiliary files (HO)
)
(C:\Users\RyanPC\AppData\Local\Programs\MiKTeX\tex/latex/hyperref\nameref.sty
Package: nameref 2023-11-26 v2.56 Cross-referencing by name of section

(C:\Users\RyanPC\AppData\Local\Programs\MiKTeX\tex/latex/refcount\refcount.sty
Package: refcount 2019/12/15 v3.6 Data extraction from label references (HO)
)
(C:\Users\RyanPC\AppData\Local\Programs\MiKTeX\tex/generic/gettitlestring\getti
tlestring.sty
Package: gettitlestring 2019/12/15 v1.6 Cleanup title references (HO)

(C:\Users\RyanPC\AppData\Local\Programs\MiKTeX\tex/latex/kvoptions\kvoptions.st
y
Package: kvoptions 2022-06-15 v3.15 Key value format for package options (HO)
))
\c@section@level=\count334
)
\@linkdim=\dimen288
\Hy@linkcounter=\count335
\Hy@pagecounter=\count336

(C:\Users\RyanPC\AppData\Local\Programs\MiKTeX\tex/latex/hyperref\pd1enc.def
File: pd1enc.def 2024-01-20 v7.01h Hyperref: PDFDocEncoding definition (HO)
Now handling font encoding PD1 ...
... no UTF-8 mapping file for font encoding PD1
)
(C:\Users\RyanPC\AppData\Local\Programs\MiKTeX\tex/generic/intcalc\intcalc.sty
Package: intcalc 2019/12/15 v1.3 Expandable calculations with integers (HO)
)
\Hy@SavedSpaceFactor=\count337
(C:\Users\RyanPC\AppData\Local\Programs\MiKTeX\tex/latex/hyperref\puenc.def
File: puenc.def 2024-01-20 v7.01h Hyperref: PDF Unicode definition (HO)
Now handling font encoding PU ...
... no UTF-8 mapping file for font encoding PU
)
Package hyperref Info: Hyper figures OFF on input line 4179.
Package hyperref Info: Link nesting OFF on input line 4184.
Package hyperref Info: Hyper index ON on input line 4187.
Package hyperref Info: Plain pages OFF on input line 4194.
Package hyperref Info: Backreferencing OFF on input line 4199.
Package hyperref Info: Implicit mode ON; LaTeX internals redefined.
Package hyperref Info: Bookmarks ON on input line 4446.
\c@Hy@tempcnt=\count338
LaTeX Info: Redefining \url on input line 4784.
\XeTeXLinkMargin=\dimen289

(C:\Users\RyanPC\AppData\Local\Programs\MiKTeX\tex/generic/bitset\bitset.sty
Package: bitset 2019/12/09 v1.3 Handle bit-vector datatype (HO)

(C:\Users\RyanPC\AppData\Local\Programs\MiKTeX\tex/generic/bigintcalc\bigintcal
c.sty
Package: bigintcalc 2019/12/15 v1.5 Expandable calculations on big integers (HO
)
))
\Fld@menulength=\count339
\Field@Width=\dimen290
\Fld@charsize=\dimen291
Package hyperref Info: Hyper figures OFF on input line 6063.
Package hyperref Info: Link nesting OFF on input line 6068.
Package hyperref Info: Hyper index ON on input line 6071.
Package hyperref Info: backreferencing OFF on input line 6078.
Package hyperref Info: Link coloring OFF on input line 6083.
Package hyperref Info: Link coloring with OCG OFF on input line 6088.
Package hyperref Info: PDF/A mode OFF on input line 6093.

(C:\Users\RyanPC\AppData\Local\Programs\MiKTeX\tex/latex/base\atbegshi-ltx.sty
Package: atbegshi-ltx 2021/01/10 v1.0c Emulation of the original atbegshi
package with kernel methods
)
\Hy@abspage=\count340
\c@Item=\count341
\c@Hfootnote=\count342
)
Package hyperref Info: Driver (autodetected): hpdftex.
 (C:\Users\RyanPC\AppData\Local\Programs\MiKTeX\tex/latex/hyperref\hpdftex.def
File: hpdftex.def 2024-01-20 v7.01h Hyperref driver for pdfTeX

(C:\Users\RyanPC\AppData\Local\Programs\MiKTeX\tex/latex/base\atveryend-ltx.sty
Package: atveryend-ltx 2020/08/19 v1.0a Emulation of the original atveryend pac
kage
with kernel methods
)
\Fld@listcount=\count343
\c@bookmark@seq@number=\count344

(C:\Users\RyanPC\AppData\Local\Programs\MiKTeX\tex/latex/rerunfilecheck\rerunfi
lecheck.sty
Package: rerunfilecheck 2022-07-10 v1.10 Rerun checks for auxiliary files (HO)

(C:\Users\RyanPC\AppData\Local\Programs\MiKTeX\tex/generic/uniquecounter\unique
counter.sty
Package: uniquecounter 2019/12/15 v1.4 Provide unlimited unique counter (HO)
)
Package uniquecounter Info: New unique counter `rerunfilecheck' on input line 2
85.
)
\Hy@SectionHShift=\skip69
)
(C:\Users\RyanPC\AppData\Local\Programs\MiKTeX\tex/latex/enumitem\enumitem.sty
Package: enumitem 2019/06/20 v3.9 Customized lists
\labelindent=\skip70
\enit@outerparindent=\dimen292
\enit@toks=\toks53
\enit@inbox=\box83
\enit@count@id=\count345
\enitdp@description=\count346
)
(C:\Users\RyanPC\AppData\Local\Programs\MiKTeX\tex/latex/algorithms\algorithm.s
ty
Package: algorithm 2009/08/24 v0.1 Document Style `algorithm' - floating enviro
nment
 (C:\Users\RyanPC\AppData\Local\Programs\MiKTeX\tex/latex/float\float.sty
Package: float 2001/11/08 v1.3d Float enhancements (AL)
\c@float@type=\count347
\float@exts=\toks54
\float@box=\box84
\@float@everytoks=\toks55
\@floatcapt=\box85
)
\@float@every@algorithm=\toks56
\c@algorithm=\count348
)
(C:\Users\RyanPC\AppData\Local\Programs\MiKTeX\tex/latex/algorithmicx\algpseudo
code.sty
Package: algpseudocode 

(C:\Users\RyanPC\AppData\Local\Programs\MiKTeX\tex/latex/algorithmicx\algorithm
icx.sty
Package: algorithmicx 2005/04/27 v1.2 Algorithmicx

Document Style algorithmicx 1.2 - a greatly improved `algorithmic' style
\c@ALG@line=\count349
\c@ALG@rem=\count350
\c@ALG@nested=\count351
\ALG@tlm=\skip71
\ALG@thistlm=\skip72
\c@ALG@Lnr=\count352
\c@ALG@blocknr=\count353
\c@ALG@storecount=\count354
\c@ALG@tmpcounter=\count355
\ALG@tmplength=\skip73
)
Document Style - pseudocode environments for use with the `algorithmicx' style
) (C:\Users\RyanPC\AppData\Local\Programs\MiKTeX\tex/generic/babel\babel.sty
Package: babel 2024/03/29 v24.3 The Babel package
\babel@savecnt=\count356
\U@D=\dimen293
\l@unhyphenated=\language79

(C:\Users\RyanPC\AppData\Local\Programs\MiKTeX\tex/generic/babel\txtbabel.def)
\bbl@readstream=\read6
\bbl@dirlevel=\count357

*************************************
* Local config file bblopts.cfg used
*
(C:\Users\RyanPC\AppData\Local\Programs\MiKTeX\tex/latex/arabi\bblopts.cfg
File: bblopts.cfg 2005/09/08 v0.1 add Arabic and Farsi to "declared" options of
 babel
)
(C:\Users\RyanPC\AppData\Local\Programs\MiKTeX\tex/latex/babel-english\english.
ldf
Language: english 2017/06/06 v3.3r English support from the babel system
Package babel Info: Hyphen rules for 'canadian' set to \l@english
(babel)             (\language0). Reported on input line 102.
Package babel Info: Hyphen rules for 'australian' set to \l@ukenglish
(babel)             (\language73). Reported on input line 105.
Package babel Info: Hyphen rules for 'newzealand' set to \l@ukenglish
(babel)             (\language73). Reported on input line 108.
))
(C:\Users\RyanPC\AppData\Local\Programs\MiKTeX\tex/generic/babel/locale/en\babe
l-english.tex
Package babel Info: Importing font and identification data for english
(babel)             from babel-en.ini. Reported on input line 11.
)
(C:\Users\RyanPC\AppData\Local\Programs\MiKTeX\tex/latex/csquotes\csquotes.sty
Package: csquotes 2024-04-04 v5.2o context-sensitive quotations (JAW)
\csq@reset=\count358
\csq@gtype=\count359
\csq@glevel=\count360
\csq@qlevel=\count361
\csq@maxlvl=\count362
\csq@tshold=\count363
\csq@ltx@everypar=\toks57

(C:\Users\RyanPC\AppData\Local\Programs\MiKTeX\tex/latex/csquotes\csquotes.def
File: csquotes.def 2024-04-04 v5.2o csquotes generic definitions (JAW)
)
Package csquotes Info: Trying to load configuration file 'csquotes.cfg'...
Package csquotes Info: ... configuration file loaded successfully.
(C:\Users\RyanPC\AppData\Local\Programs\MiKTeX\tex/latex/csquotes\csquotes.cfg
File: csquotes.cfg 
)
Package csquotes Info: Enabling multilingual quotes.
Package csquotes Info: Redefining alias 'english' -> 'english/american'.
)
Package csquotes Info: Allocating character ".

(C:\Users\RyanPC\AppData\Local\Programs\MiKTeX\tex/latex/fundus-calligra\callig
ra.sty
Package: calligra 2012/04/10 v1.9 LaTeX package calligra
)
Package csquotes Info: Checking for multilingual support...
Package csquotes Info: ... found 'babel' package.
 (hw12.aux)
\openout1 = `hw12.aux'.

LaTeX Font Info:    Checking defaults for OML/cmm/m/it on input line 94.
LaTeX Font Info:    ... okay on input line 94.
LaTeX Font Info:    Checking defaults for OMS/cmsy/m/n on input line 94.
LaTeX Font Info:    ... okay on input line 94.
LaTeX Font Info:    Checking defaults for OT1/cmr/m/n on input line 94.
LaTeX Font Info:    ... okay on input line 94.
LaTeX Font Info:    Checking defaults for T1/cmr/m/n on input line 94.
LaTeX Font Info:    ... okay on input line 94.
LaTeX Font Info:    Checking defaults for TS1/cmr/m/n on input line 94.
LaTeX Font Info:    ... okay on input line 94.
LaTeX Font Info:    Checking defaults for OMX/cmex/m/n on input line 94.
LaTeX Font Info:    ... okay on input line 94.
LaTeX Font Info:    Checking defaults for U/cmr/m/n on input line 94.
LaTeX Font Info:    ... okay on input line 94.
LaTeX Font Info:    Checking defaults for PD1/pdf/m/n on input line 94.
LaTeX Font Info:    ... okay on input line 94.
LaTeX Font Info:    Checking defaults for PU/pdf/m/n on input line 94.
LaTeX Font Info:    ... okay on input line 94.


Package siunitx Warning: Detected the "physics" package:
(siunitx)                omitting definition of \qty.
(siunitx)                
(siunitx)                If you want to use \qty with the siunitx definition,
(siunitx)                add 
(siunitx)                
(siunitx)                    \AtBeginDocument{\RenewCommandCopy\qty\SI}
(siunitx)                
(siunitx)                to your preamble.


(C:\Users\RyanPC\AppData\Local\Programs\MiKTeX\tex/latex/translations/dicts\tra
nslations-basic-dictionary-english.trsl
File: translations-basic-dictionary-english.trsl (english translation file `tra
nslations-basic-dictionary')
)
Package translations Info: loading dictionary `translations-basic-dictionary' f
or `english'. on input line 94.

(C:\Users\RyanPC\AppData\Local\Programs\MiKTeX\tex/context/base/mkii\supp-pdf.m
kii
[Loading MPS to PDF converter (version 2006.09.02).]
\scratchcounter=\count364
\scratchdimen=\dimen294
\scratchbox=\box86
\nofMPsegments=\count365
\nofMParguments=\count366
\everyMPshowfont=\toks58
\MPscratchCnt=\count367
\MPscratchDim=\dimen295
\MPnumerator=\count368
\makeMPintoPDFobject=\count369
\everyMPtoPDFconversion=\toks59
)
(C:\Users\RyanPC\AppData\Local\Programs\MiKTeX\tex/latex/epstopdf-pkg\epstopdf-
base.sty
Package: epstopdf-base 2020-01-24 v2.11 Base part for package epstopdf
Package epstopdf-base Info: Redefining graphics rule for `.eps' on input line 4
85.

(C:\Users\RyanPC\AppData\Local\Programs\MiKTeX\tex/latex/00miktex\epstopdf-sys.
cfg
File: epstopdf-sys.cfg 2021/03/18 v2.0 Configuration of epstopdf for MiKTeX
))
(C:\Users\RyanPC\AppData\Local\Programs\MiKTeX\tex/latex/pdflscape\pdflscape.st
y
Package: pdflscape 2022-10-27 v0.13 Display of landscape pages in PDF

(C:\Users\RyanPC\AppData\Local\Programs\MiKTeX\tex/latex/pdflscape\pdflscape-no
metadata.sty
Package: pdflscape-nometadata 2022-10-28 v0.13 Display of landscape pages in PD
F (HO)

(C:\Users\RyanPC\AppData\Local\Programs\MiKTeX\tex/latex/graphics\lscape.sty
Package: lscape 2020/05/28 v3.02 Landscape Pages (DPC)
)
Package pdflscape Info: Auto-detected driver: pdftex on input line 81.
))
LaTeX Info: Redefining \microtypecontext on input line 94.
Package microtype Info: Applying patch `item' on input line 94.
Package microtype Info: Applying patch `toc' on input line 94.
Package microtype Info: Applying patch `eqnum' on input line 94.
Package microtype Info: Applying patch `footnote' on input line 94.
Package microtype Info: Applying patch `verbatim' on input line 94.
Package microtype Info: Generating PDF output.
Package microtype Info: Character protrusion enabled (level 2).
Package microtype Info: Using default protrusion set `alltext'.
Package microtype Info: Automatic font expansion enabled (level 2),
(microtype)             stretch: 20, shrink: 20, step: 1, non-selected.
Package microtype Info: Using default expansion set `alltext-nott'.
LaTeX Info: Redefining \showhyphens on input line 94.
Package microtype Info: No adjustment of tracking.
Package microtype Info: No adjustment of interword spacing.
Package microtype Info: No adjustment of character kerning.
(C:\Users\RyanPC\AppData\Local\Programs\MiKTeX\tex/latex/microtype\mt-cmr.cfg
File: mt-cmr.cfg 2013/05/19 v2.2 microtype config. file: Computer Modern Roman 
(RS)
)
Package hyperref Info: Link coloring OFF on input line 94.

(hw12.out) (hw12.out)
\@outlinefile=\write7
\openout7 = `hw12.out'.

Package csquotes Info: Making character " active on input line 94.
LaTeX Font Info:    Trying to load font information for U+msa on input line 99.


(C:\Users\RyanPC\AppData\Local\Programs\MiKTeX\tex/latex/amsfonts\umsa.fd
File: umsa.fd 2013/01/14 v3.01 AMS symbols A
)
(C:\Users\RyanPC\AppData\Local\Programs\MiKTeX\tex/latex/microtype\mt-msa.cfg
File: mt-msa.cfg 2006/02/04 v1.1 microtype config. file: AMS symbols (a) (RS)
)
LaTeX Font Info:    Trying to load font information for U+msb on input line 99.


(C:\Users\RyanPC\AppData\Local\Programs\MiKTeX\tex/latex/amsfonts\umsb.fd
File: umsb.fd 2013/01/14 v3.01 AMS symbols B
)
(C:\Users\RyanPC\AppData\Local\Programs\MiKTeX\tex/latex/microtype\mt-msb.cfg
File: mt-msb.cfg 2005/06/01 v1.0 microtype config. file: AMS symbols (b) (RS)
)
LaTeX Font Info:    Trying to load font information for U+rsfs on input line 99
.

(C:\Users\RyanPC\AppData\Local\Programs\MiKTeX\tex/latex/jknappen\ursfs.fd
File: ursfs.fd 1998/03/24 rsfs font definition file (jk)
)
LaTeX Font Info:    Trying to load font information for U+esint on input line 9
9.

(C:\Users\RyanPC\AppData\Local\Programs\MiKTeX\tex/latex/esint\uesint.fd
File: uesint.fd 
)
<hw12 plot.png, id=6, 1445.4pt x 682.80093pt>
File: hw12 plot.png Graphic file (type png)
<use hw12 plot.png>
Package pdftex.def Info: hw12 plot.png  used on input line 137.
(pdftex.def)             Requested size: 433.62335pt x 204.84186pt.

Overfull \hbox (10.86836pt too wide) in paragraph at lines 137--138
 [] 
 []

[1

{C:/Users/RyanPC/AppData/Local/MiKTeX/fonts/map/pdftex/pdftex.map} <./hw12 plot
.png>] [2]
Package microtype Info: Loading generic protrusion settings for font family
(microtype)             `cmtt' (encoding: OT1).
(microtype)             For optimal results, create family-specific settings.
(microtype)             See the microtype manual for details.

Overfull \hbox (21.15793pt too wide) in paragraph at lines 218--219
[]\OT1/cmr/m/n/10 (-20) Code: []$\OT1/cmtt/m/n/10 https : / / github . com / Ro
kettoJanpu / scientific-[]computing-[]2-[]redux / blob / main / hw13q3 . ipynb$
[] 
 []

<hw13 sol t = 0 method 0.png, id=37, 462.528pt x 346.896pt>
File: hw13 sol t = 0 method 0.png Graphic file (type png)
<use hw13 sol t = 0 method 0.png>
Package pdftex.def Info: hw13 sol t = 0 method 0.png  used on input line 222.
(pdftex.def)             Requested size: 106.3792pt x 79.7844pt.
<hw13 sol t = 1 method 0.png, id=38, 462.528pt x 346.896pt>
File: hw13 sol t = 1 method 0.png Graphic file (type png)
<use hw13 sol t = 1 method 0.png>
Package pdftex.def Info: hw13 sol t = 1 method 0.png  used on input line 223.
(pdftex.def)             Requested size: 106.3792pt x 79.7844pt.
<hw13 sol t = 2 method 0.png, id=39, 462.528pt x 346.896pt>
File: hw13 sol t = 2 method 0.png Graphic file (type png)
<use hw13 sol t = 2 method 0.png>
Package pdftex.def Info: hw13 sol t = 2 method 0.png  used on input line 224.
(pdftex.def)             Requested size: 106.3792pt x 79.7844pt.
<hw13 sol t = 3 method 0.png, id=40, 462.528pt x 346.896pt>
File: hw13 sol t = 3 method 0.png Graphic file (type png)
<use hw13 sol t = 3 method 0.png>
Package pdftex.def Info: hw13 sol t = 3 method 0.png  used on input line 225.
(pdftex.def)             Requested size: 106.3792pt x 79.7844pt.
<hw13 sol t = 4 method 0.png, id=41, 462.528pt x 346.896pt>
File: hw13 sol t = 4 method 0.png Graphic file (type png)
<use hw13 sol t = 4 method 0.png>
Package pdftex.def Info: hw13 sol t = 4 method 0.png  used on input line 226.
(pdftex.def)             Requested size: 138.75946pt x 104.0696pt.
<hw13 sol t = 5 method 0.png, id=42, 462.528pt x 346.896pt>
File: hw13 sol t = 5 method 0.png Graphic file (type png)
<use hw13 sol t = 5 method 0.png>
Package pdftex.def Info: hw13 sol t = 5 method 0.png  used on input line 227.
(pdftex.def)             Requested size: 138.75946pt x 104.0696pt.
<hw13 sol t = 6 method 0.png, id=43, 462.528pt x 346.896pt>
File: hw13 sol t = 6 method 0.png Graphic file (type png)
<use hw13 sol t = 6 method 0.png>
Package pdftex.def Info: hw13 sol t = 6 method 0.png  used on input line 228.
(pdftex.def)             Requested size: 138.75946pt x 104.0696pt.
<hw13 sol t = 0 method 1.png, id=44, 462.528pt x 346.896pt>
File: hw13 sol t = 0 method 1.png Graphic file (type png)
<use hw13 sol t = 0 method 1.png>
Package pdftex.def Info: hw13 sol t = 0 method 1.png  used on input line 233.
(pdftex.def)             Requested size: 106.3792pt x 79.7844pt.
<hw13 sol t = 1 method 1.png, id=45, 462.528pt x 346.896pt>
File: hw13 sol t = 1 method 1.png Graphic file (type png)
<use hw13 sol t = 1 method 1.png>
Package pdftex.def Info: hw13 sol t = 1 method 1.png  used on input line 234.
(pdftex.def)             Requested size: 106.3792pt x 79.7844pt.
<hw13 sol t = 2 method 1.png, id=46, 462.528pt x 346.896pt>
File: hw13 sol t = 2 method 1.png Graphic file (type png)
<use hw13 sol t = 2 method 1.png>
Package pdftex.def Info: hw13 sol t = 2 method 1.png  used on input line 235.
(pdftex.def)             Requested size: 106.3792pt x 79.7844pt.
<hw13 sol t = 3 method 1.png, id=47, 462.528pt x 346.896pt>
File: hw13 sol t = 3 method 1.png Graphic file (type png)
<use hw13 sol t = 3 method 1.png>
Package pdftex.def Info: hw13 sol t = 3 method 1.png  used on input line 236.
(pdftex.def)             Requested size: 106.3792pt x 79.7844pt.
<hw13 sol t = 4 method 1.png, id=48, 462.528pt x 346.896pt>
File: hw13 sol t = 4 method 1.png Graphic file (type png)
<use hw13 sol t = 4 method 1.png>
Package pdftex.def Info: hw13 sol t = 4 method 1.png  used on input line 237.
(pdftex.def)             Requested size: 138.75946pt x 104.0696pt.
<hw13 sol t = 5 method 1.png, id=49, 462.528pt x 346.896pt>
File: hw13 sol t = 5 method 1.png Graphic file (type png)
<use hw13 sol t = 5 method 1.png>
Package pdftex.def Info: hw13 sol t = 5 method 1.png  used on input line 238.
(pdftex.def)             Requested size: 138.75946pt x 104.0696pt.
<hw13 sol t = 6 method 1.png, id=50, 462.528pt x 346.896pt>
File: hw13 sol t = 6 method 1.png Graphic file (type png)
<use hw13 sol t = 6 method 1.png>
Package pdftex.def Info: hw13 sol t = 6 method 1.png  used on input line 239.
(pdftex.def)             Requested size: 138.75946pt x 104.0696pt.
[3 <./hw13 sol t = 0 method 0.png> <./hw13 sol t = 1 method 0.png> <./hw13 sol 
t = 2 method 0.png> <./hw13 sol t = 3 method 0.png> <./hw13 sol t = 4 method 0.
png> <./hw13 sol t = 5 method 0.png> <./hw13 sol t = 6 method 0.png> <./hw13 so
l t = 0 method 1.png> <./hw13 sol t = 1 method 1.png> <./hw13 sol t = 2 method 
1.png> <./hw13 sol t = 3 method 1.png>]
<hw13 sol t = 0 method 2.png, id=70, 462.528pt x 346.896pt>
File: hw13 sol t = 0 method 2.png Graphic file (type png)
<use hw13 sol t = 0 method 2.png>
Package pdftex.def Info: hw13 sol t = 0 method 2.png  used on input line 244.
(pdftex.def)             Requested size: 106.3792pt x 79.7844pt.
<hw13 sol t = 1 method 2.png, id=71, 462.528pt x 346.896pt>
File: hw13 sol t = 1 method 2.png Graphic file (type png)
<use hw13 sol t = 1 method 2.png>
Package pdftex.def Info: hw13 sol t = 1 method 2.png  used on input line 245.
(pdftex.def)             Requested size: 106.3792pt x 79.7844pt.
<hw13 sol t = 2 method 2.png, id=72, 462.528pt x 346.896pt>
File: hw13 sol t = 2 method 2.png Graphic file (type png)
<use hw13 sol t = 2 method 2.png>
Package pdftex.def Info: hw13 sol t = 2 method 2.png  used on input line 246.
(pdftex.def)             Requested size: 106.3792pt x 79.7844pt.
<hw13 sol t = 3 method 2.png, id=73, 462.528pt x 346.896pt>
File: hw13 sol t = 3 method 2.png Graphic file (type png)
<use hw13 sol t = 3 method 2.png>
Package pdftex.def Info: hw13 sol t = 3 method 2.png  used on input line 247.
(pdftex.def)             Requested size: 106.3792pt x 79.7844pt.
<hw13 sol t = 4 method 2.png, id=74, 462.528pt x 346.896pt>
File: hw13 sol t = 4 method 2.png Graphic file (type png)
<use hw13 sol t = 4 method 2.png>
Package pdftex.def Info: hw13 sol t = 4 method 2.png  used on input line 248.
(pdftex.def)             Requested size: 138.75946pt x 104.0696pt.
<hw13 sol t = 5 method 2.png, id=75, 462.528pt x 346.896pt>
File: hw13 sol t = 5 method 2.png Graphic file (type png)
<use hw13 sol t = 5 method 2.png>
Package pdftex.def Info: hw13 sol t = 5 method 2.png  used on input line 249.
(pdftex.def)             Requested size: 138.75946pt x 104.0696pt.
<hw13 sol t = 6 method 2.png, id=76, 462.528pt x 346.896pt>
File: hw13 sol t = 6 method 2.png Graphic file (type png)
<use hw13 sol t = 6 method 2.png>
Package pdftex.def Info: hw13 sol t = 6 method 2.png  used on input line 250.
(pdftex.def)             Requested size: 138.75946pt x 104.0696pt.

Overfull \hbox (0.67236pt too wide) detected at line 262
\OML/cmm/m/it/10 u[] \OT1/cmr/m/n/10 = [] \OML/cmm/m/it/10 u[]\OT1/cmr/m/n/10 (
\OML/cmm/m/it/10 t\OT1/cmr/m/n/10 )\OML/cmm/m/it/10 e[];  u[] \OT1/cmr/m/n/10 =
 [] \OML/cmm/m/it/10 u[]\OT1/cmr/m/n/10 (\OML/cmm/m/it/10 t\OT1/cmr/m/n/10 ) []
 \OML/cmm/m/it/10 e[];  u[] \OT1/cmr/m/n/10 = [] \OML/cmm/m/it/10 u[]\OT1/cmr/m
/n/10 (\OML/cmm/m/it/10 t\OT1/cmr/m/n/10 ) [][] \OML/cmm/m/it/10 e[]
 []

[4 <./hw13 sol t = 4 method 1.png> <./hw13 sol t = 5 method 1.png> <./hw13 sol 
t = 6 method 1.png> <./hw13 sol t = 0 method 2.png> <./hw13 sol t = 1 method 2.
png> <./hw13 sol t = 2 method 2.png> <./hw13 sol t = 3 method 2.png> <./hw13 so
l t = 4 method 2.png> <./hw13 sol t = 5 method 2.png> <./hw13 sol t = 6 method 
2.png>]
<hw13 q4 plot.png, id=94, 1445.4pt x 732.336pt>
File: hw13 q4 plot.png Graphic file (type png)
<use hw13 q4 plot.png>
Package pdftex.def Info: hw13 q4 plot.png  used on input line 285.
(pdftex.def)             Requested size: 433.62335pt x 219.70248pt.
 [5 <./hw13 q4 plot.png (PNG copy)>] (hw12.aux)
 ***********
LaTeX2e <2023-11-01> patch level 1
L3 programming layer <2024-03-14>
 ***********
Package rerunfilecheck Info: File `hw12.out' has not changed.
(rerunfilecheck)             Checksum: D41D8CD98F00B204E9800998ECF8427E;0.
 ) 
Here is how much of TeX's memory you used:
 34257 strings out of 474525
 721547 string characters out of 5744516
 1948496 words of memory out of 5000000
 55912 multiletter control sequences out of 15000+600000
 567604 words of font info for 96 fonts, out of 8000000 for 9000
 1141 hyphenation exceptions out of 8191
 116i,9n,121p,1003b,1353s stack positions out of 10000i,1000n,20000p,200000b,200000s
 <C:\Users\RyanPC\AppData\Local\MiKTeX\fonts/pk/ljfour/public/esint/dpi600\es
int10.pk> <C:\Users\RyanPC\AppData\Local\MiKTeX\fonts/pk/ljfour/jknappen/ec/dpi
600\tcrm1000.pk><C:/Users/RyanPC/AppData/Local/Programs/MiKTeX/fonts/type1/publ
ic/amsfonts/cm/cmex10.pfb><C:/Users/RyanPC/AppData/Local/Programs/MiKTeX/fonts/
type1/public/amsfonts/cm/cmmi10.pfb><C:/Users/RyanPC/AppData/Local/Programs/MiK
TeX/fonts/type1/public/amsfonts/cm/cmmi5.pfb><C:/Users/RyanPC/AppData/Local/Pro
grams/MiKTeX/fonts/type1/public/amsfonts/cm/cmmi7.pfb><C:/Users/RyanPC/AppData/
Local/Programs/MiKTeX/fonts/type1/public/amsfonts/cm/cmr10.pfb><C:/Users/RyanPC
/AppData/Local/Programs/MiKTeX/fonts/type1/public/amsfonts/cm/cmr12.pfb><C:/Use
rs/RyanPC/AppData/Local/Programs/MiKTeX/fonts/type1/public/amsfonts/cm/cmr17.pf
b><C:/Users/RyanPC/AppData/Local/Programs/MiKTeX/fonts/type1/public/amsfonts/cm
/cmr5.pfb><C:/Users/RyanPC/AppData/Local/Programs/MiKTeX/fonts/type1/public/ams
fonts/cm/cmr7.pfb><C:/Users/RyanPC/AppData/Local/Programs/MiKTeX/fonts/type1/pu
blic/amsfonts/cm/cmsy10.pfb><C:/Users/RyanPC/AppData/Local/Programs/MiKTeX/font
s/type1/public/amsfonts/cm/cmsy7.pfb><C:/Users/RyanPC/AppData/Local/Programs/Mi
KTeX/fonts/type1/public/amsfonts/cm/cmtt10.pfb>
Output written on hw12.pdf (5 pages, 1291761 bytes).
PDF statistics:
 161 PDF objects out of 1000 (max. 8388607)
 16 named destinations out of 1000 (max. 500000)
 17024 words of extra memory for PDF output out of 17280 (max. 10000000)

